<?xml version="1.0" encoding="UTF-8"?>
<!-- Generated by org.testng.reporters.JUnitXMLReporter -->
<testsuite ignored="8" hostname="DESKTOP-6P64TEG" failures="1" tests="8" name="Test" time="103.133" errors="0" timestamp="2024-10-27T00:36:42 IST">
  <testcase classname="com.hc.rediagerplus.patientTest.VerifyBookedApptByUserAdminDoctorTest" name="tc04_ST_VerifyBookedApptByUserAdminDoctorTest" time="15.795">
    <failure type="org.openqa.selenium.NoAlertPresentException" message="no such alert
  (Session info: chrome=130.0.6723.70)
Build info: version: &amp;apos;4.18.1&amp;apos;, revision: &amp;apos;b1d3319b48&amp;apos;
System info: os.name: &amp;apos;Windows 11&amp;apos;, os.arch: &amp;apos;amd64&amp;apos;, os.version: &amp;apos;10.0&amp;apos;, java.version: &amp;apos;21.0.3&amp;apos;
Driver info: org.openqa.selenium.chrome.ChromeDriver
Command: [f2905eabf0a6262536c1463013cbe56d, getAlertText {}]
Capabilities {acceptInsecureCerts: false, browserName: chrome, browserVersion: 130.0.6723.70, chrome: {chromedriverVersion: 130.0.6723.69 (3ec172b971b9..., userDataDir: C:\Users\User\AppData\Local...}, fedcm:accounts: true, goog:chromeOptions: {debuggerAddress: localhost:53067}, networkConnectionEnabled: false, pageLoadStrategy: normal, platformName: windows, proxy: Proxy(), se:cdp: ws://localhost:53067/devtoo..., se:cdpVersion: 130.0.6723.70, setWindowRect: true, strictFileInteractability: false, timeouts: {implicit: 0, pageLoad: 300000, script: 30000}, unhandledPromptBehavior: dismiss and notify, webauthn:extension:credBlob: true, webauthn:extension:largeBlob: true, webauthn:extension:minPinLength: true, webauthn:extension:prf: true, webauthn:virtualAuthenticators: true}
Session ID: f2905eabf0a6262536c1463013cbe56d">
      <![CDATA[org.openqa.selenium.NoAlertPresentException: no such alert
  (Session info: chrome=130.0.6723.70)
Build info: version: '4.18.1', revision: 'b1d3319b48'
System info: os.name: 'Windows 11', os.arch: 'amd64', os.version: '10.0', java.version: '21.0.3'
Driver info: org.openqa.selenium.chrome.ChromeDriver
Command: [f2905eabf0a6262536c1463013cbe56d, getAlertText {}]
Capabilities {acceptInsecureCerts: false, browserName: chrome, browserVersion: 130.0.6723.70, chrome: {chromedriverVersion: 130.0.6723.69 (3ec172b971b9..., userDataDir: C:\Users\User\AppData\Local...}, fedcm:accounts: true, goog:chromeOptions: {debuggerAddress: localhost:53067}, networkConnectionEnabled: false, pageLoadStrategy: normal, platformName: windows, proxy: Proxy(), se:cdp: ws://localhost:53067/devtoo..., se:cdpVersion: 130.0.6723.70, setWindowRect: true, strictFileInteractability: false, timeouts: {implicit: 0, pageLoad: 300000, script: 30000}, unhandledPromptBehavior: dismiss and notify, webauthn:extension:credBlob: true, webauthn:extension:largeBlob: true, webauthn:extension:minPinLength: true, webauthn:extension:prf: true, webauthn:virtualAuthenticators: true}
Session ID: f2905eabf0a6262536c1463013cbe56d
at org.openqa.selenium.remote.ErrorCodec.decode(ErrorCodec.java:167)
at org.openqa.selenium.remote.codec.w3c.W3CHttpResponseCodec.decode(W3CHttpResponseCodec.java:138)
at org.openqa.selenium.remote.codec.w3c.W3CHttpResponseCodec.decode(W3CHttpResponseCodec.java:50)
at org.openqa.selenium.remote.HttpCommandExecutor.execute(HttpCommandExecutor.java:190)
at org.openqa.selenium.remote.service.DriverCommandExecutor.invokeExecute(DriverCommandExecutor.java:216)
at org.openqa.selenium.remote.service.DriverCommandExecutor.execute(DriverCommandExecutor.java:174)
at org.openqa.selenium.remote.RemoteWebDriver.execute(RemoteWebDriver.java:519)
at org.openqa.selenium.remote.RemoteWebDriver.execute(RemoteWebDriver.java:592)
at org.openqa.selenium.remote.RemoteWebDriver.execute(RemoteWebDriver.java:596)
at org.openqa.selenium.remote.RemoteWebDriver$RemoteTargetLocator.alert(RemoteWebDriver.java:1164)
at com.hc.rediagerplus.genericutility.WebDriverUtility.confirmAlert(WebDriverUtility.java:53)
at com.hc.rediagerplus.objectrepository.doctor.DoctorAppointmenttHistoryPage.verifyPatientApptInDoctor(DoctorAppointmenttHistoryPage.java:46)
at com.hc.rediagerplus.patientTest.VerifyBookedApptByUserAdminDoctorTest.tc04_ST_VerifyBookedApptByUserAdminDoctorTest(VerifyBookedApptByUserAdminDoctorTest.java:66)
at java.base/java.util.ArrayList.forEach(ArrayList.java:1596)
... Removed 28 stack frames]]>
    </failure>
  </testcase> <!-- tc04_ST_VerifyBookedApptByUserAdminDoctorTest -->
  <testcase classname="com.hc.rediagerplus.doctortest.DoctorTest" name="AddPatientByDoctor" time="2.819"/>
  <testcase classname="com.hc.rediagerplus.patientTest.VerifyDoctorSpecAndAdditionChangesByPatientTest" name="VerifyDoctorSpecAndAdditionChangesByPatient" time="11.73"/>
  <testcase classname="com.hc.rediagerplus.doctortest.VerifyCompleteDoctorModuleTest" name="verifyCompleteDoctorModuleTest" time="22.043"/>
  <testcase classname="com.hc.rediagerplus.admintest.AdminTest" name="AddDoctorSpecializationByAdminTest" time="5.763"/>
  <testcase classname="com.hc.rediagerplus.admintest.AdminTest" name="VerifyAddedValidDoctorTest" time="8.325"/>
  <testcase classname="com.hc.rediagerplus.admintest.AdminTest" name="VerifyBookedAppointmentInAdminTest" time="14.163"/>
  <testcase classname="com.hc.rediagerplus.admintest.AdminTest" name="tc_07_VerifyDoctorSessionLogs" time="6.957"/>
  <testcase classname="com.hc.rediagerplus.genericutility.Baseclass" name="@BeforeSuite configbs" time="0.0">
    <ignored/>
  </testcase> <!-- @BeforeSuite configbs -->
  <testcase classname="com.hc.rediagerplus.genericutility.Baseclass" name="@BeforeSuite configbs" time="0.0">
    <ignored/>
  </testcase> <!-- @BeforeSuite configbs -->
  <testcase classname="com.hc.rediagerplus.genericutility.Baseclass" name="@BeforeSuite configbs" time="0.0">
    <ignored/>
  </testcase> <!-- @BeforeSuite configbs -->
  <testcase classname="com.hc.rediagerplus.genericutility.Baseclass" name="@BeforeSuite configbs" time="0.0">
    <ignored/>
  </testcase> <!-- @BeforeSuite configbs -->
  <testcase classname="com.hc.rediagerplus.genericutility.Baseclass" name="@AfterSuite configas" time="0.0">
    <ignored/>
  </testcase> <!-- @AfterSuite configas -->
  <testcase classname="com.hc.rediagerplus.genericutility.Baseclass" name="@AfterSuite configas" time="0.0">
    <ignored/>
  </testcase> <!-- @AfterSuite configas -->
  <testcase classname="com.hc.rediagerplus.genericutility.Baseclass" name="@AfterSuite configas" time="0.0">
    <ignored/>
  </testcase> <!-- @AfterSuite configas -->
  <testcase classname="com.hc.rediagerplus.genericutility.Baseclass" name="@AfterSuite configas" time="0.0">
    <ignored/>
  </testcase> <!-- @AfterSuite configas -->
</testsuite> <!-- Test -->
